Socket server listening on 8080
Socket server listening on 8080
connected [object Object]
client connected: 5JpENRU-X1bkv8TfAAAA
connected [object Object]
client connected: DNgue4YEOLcS3lFOAAAB
client DNgue4YEOLcS3lFOAAAB disconnected
client 5JpENRU-X1bkv8TfAAAA disconnected
connected [object Object]
client connected: llck3_Mc2XJ5KH3TAAAC
connected [object Object]
client connected: iO0Pd0iw8OwxJazLAAAD
client iO0Pd0iw8OwxJazLAAAD disconnected
client llck3_Mc2XJ5KH3TAAAC disconnected
connected [object Object]
client connected: WstwIb299YoDe1AxAAAE
connected [object Object]
client connected: ciRV1-ID-KaaZoV8AAAF
client WstwIb299YoDe1AxAAAE disconnected
client ciRV1-ID-KaaZoV8AAAF disconnected
connected [object Object]
client connected: EsF_CeFQzrWYIEQ4AAAG
connected [object Object]
client connected: YV4CWOrfcYWr0yYGAAAH
client EsF_CeFQzrWYIEQ4AAAG disconnected
client YV4CWOrfcYWr0yYGAAAH disconnected
connected [object Object]
client connected: KNzANfAhxkdS7CX-AAAI
connected [object Object]
client connected: TpMbd9DXf2SWxDLdAAAJ
client TpMbd9DXf2SWxDLdAAAJ disconnected
client KNzANfAhxkdS7CX-AAAI disconnected
connected [object Object]
client connected: gwOeMp-_SNPbk9CbAAAK
connected [object Object]
client connected: nRAvspYAGa0GYpn5AAAL
